{"numFailedTestSuites":0,"numFailedTests":0,"numPassedTestSuites":2,"numPassedTests":4,"numPendingTestSuites":0,"numPendingTests":0,"numRuntimeErrorTestSuites":0,"numTodoTests":0,"numTotalTestSuites":2,"numTotalTests":4,"openHandles":[],"snapshot":{"added":0,"didUpdate":false,"failure":false,"filesAdded":0,"filesRemoved":0,"filesRemovedList":[],"filesUnmatched":0,"filesUpdated":0,"matched":0,"total":0,"unchecked":0,"uncheckedKeysByFile":[],"unmatched":0,"updated":0},"startTime":1651105353867,"success":true,"testResults":[{"assertionResults":[{"ancestorTitles":["<AvatarView>"],"failureMessages":[],"fullName":"<AvatarView> Content Test","location":null,"status":"passed","title":"Content Test"}],"endTime":1651105358543,"message":"","name":"/Volumes/Storage/Development/RecklessTechnology/demos/create-reckless-tech-app/src/@RecklessCore/Components/Avatar/avatar.test.js","startTime":1651105354553,"status":"passed","summary":""},{"assertionResults":[{"ancestorTitles":["<ButtonView>"],"failureMessages":[],"fullName":"<ButtonView> Content Test","location":null,"status":"passed","title":"Content Test"},{"ancestorTitles":["<ButtonView>"],"failureMessages":[],"fullName":"<ButtonView> Click Test","location":null,"status":"passed","title":"Click Test"},{"ancestorTitles":["<ButtonView>"],"failureMessages":[],"fullName":"<ButtonView> Hover Test","location":null,"status":"passed","title":"Hover Test"}],"endTime":1651105358839,"message":"","name":"/Volumes/Storage/Development/RecklessTechnology/demos/create-reckless-tech-app/src/@RecklessCore/Components/Button/button.test.js","startTime":1651105354553,"status":"passed","summary":""}],"wasInterrupted":false}